# JRE version: Java(TM) SE Runtime Environment (8.0_101-b13) (build 1.8.0_101-b13)
# Java VM: Java HotSpot(TM) 64-Bit Server VM (25.101-b13 mixed mode windows-amd64 compressed oops)
Heap:
 PSYoungGen      total 53248K, used 38037K [0x00000000eab00000, 0x00000000eea00000, 0x0000000100000000)
  eden space 44032K, 81% used [0x00000000eab00000,0x00000000ecdf8b80,0x00000000ed600000)
  from space 9216K, 24% used [0x00000000ee100000,0x00000000ee32ca70,0x00000000eea00000)
  to   space 10240K, 0% used [0x00000000ed600000,0x00000000ed600000,0x00000000ee000000)
 ParOldGen       total 57344K, used 21998K [0x00000000c0000000, 0x00000000c3800000, 0x00000000eab00000)
  object space 57344K, 38% used [0x00000000c0000000,0x00000000c157b828,0x00000000c3800000)
 Metaspace       used 43964K, capacity 44918K, committed 45144K, reserved 1087488K
  class space    used 5952K, capacity 6237K, committed 6272K, reserved 1048576K
GC Heap History (10 events):
Event: 82.145 GC heap before
{Heap before GC invocations=12 (full 2):
 PSYoungGen      total 40960K, used 3272K [0x00000000eab00000, 0x00000000eee00000, 0x0000000100000000)
  eden space 30720K, 0% used [0x00000000eab00000,0x00000000eab00000,0x00000000ec900000)
  from space 10240K, 31% used [0x00000000ed300000,0x00000000ed632140,0x00000000edd00000)
  to   space 10240K, 0% used [0x00000000ec900000,0x00000000ec900000,0x00000000ed300000)
 ParOldGen       total 48128K, used 14277K [0x00000000c0000000, 0x00000000c2f00000, 0x00000000eab00000)
  object space 48128K, 29% used [0x00000000c0000000,0x00000000c0df1758,0x00000000c2f00000)
 Metaspace       used 34559K, capacity 35300K, committed 35416K, reserved 1079296K
  class space    used 4694K, capacity 4939K, committed 4992K, reserved 1048576K
Event: 82.244 GC heap after
Heap after GC invocations=12 (full 2):
 PSYoungGen      total 40960K, used 0K [0x00000000eab00000, 0x00000000eee00000, 0x0000000100000000)
  eden space 30720K, 0% used [0x00000000eab00000,0x00000000eab00000,0x00000000ec900000)
  from space 10240K, 0% used [0x00000000ed300000,0x00000000ed300000,0x00000000edd00000)
  to   space 10240K, 0% used [0x00000000ec900000,0x00000000ec900000,0x00000000ed300000)
 ParOldGen       total 57344K, used 14405K [0x00000000c0000000, 0x00000000c3800000, 0x00000000eab00000)
  object space 57344K, 25% used [0x00000000c0000000,0x00000000c0e117e8,0x00000000c3800000)
 Metaspace       used 34559K, capacity 35300K, committed 35416K, reserved 1079296K
  class space    used 4694K, capacity 4939K, committed 4992K, reserved 1048576K
}
Event: 83.150 GC heap before
{Heap before GC invocations=13 (full 2):
 PSYoungGen      total 40960K, used 30720K [0x00000000eab00000, 0x00000000eee00000, 0x0000000100000000)
  eden space 30720K, 100% used [0x00000000eab00000,0x00000000ec900000,0x00000000ec900000)
  from space 10240K, 0% used [0x00000000ed300000,0x00000000ed300000,0x00000000edd00000)
  to   space 10240K, 0% used [0x00000000ec900000,0x00000000ec900000,0x00000000ed300000)
 ParOldGen       total 57344K, used 14405K [0x00000000c0000000, 0x00000000c3800000, 0x00000000eab00000)
  object space 57344K, 25% used [0x00000000c0000000,0x00000000c0e117e8,0x00000000c3800000)
 Metaspace       used 35741K, capacity 36396K, committed 36568K, reserved 1081344K
  class space    used 4846K, capacity 5069K, committed 5120K, reserved 1048576K
Event: 83.154 GC heap after
Heap after GC invocations=13 (full 2):
 PSYoungGen      total 40960K, used 2131K [0x00000000eab00000, 0x00000000eed80000, 0x0000000100000000)
  eden space 30720K, 0% used [0x00000000eab00000,0x00000000eab00000,0x00000000ec900000)
  from space 10240K, 20% used [0x00000000ec900000,0x00000000ecb14e80,0x00000000ed300000)
  to   space 10752K, 0% used [0x00000000ee300000,0x00000000ee300000,0x00000000eed80000)
 ParOldGen       total 57344K, used 14413K [0x00000000c0000000, 0x00000000c3800000, 0x00000000eab00000)
  object space 57344K, 25% used [0x00000000c0000000,0x00000000c0e137e8,0x00000000c3800000)
 Metaspace       used 35741K, capacity 36396K, committed 36568K, reserved 1081344K
  class space    used 4846K, capacity 5069K, committed 5120K, reserved 1048576K
}
Event: 85.328 GC heap before
{Heap before GC invocations=14 (full 2):
 PSYoungGen      total 40960K, used 32851K [0x00000000eab00000, 0x00000000eed80000, 0x0000000100000000)
  eden space 30720K, 100% used [0x00000000eab00000,0x00000000ec900000,0x00000000ec900000)
  from space 10240K, 20% used [0x00000000ec900000,0x00000000ecb14e80,0x00000000ed300000)
  to   space 10752K, 0% used [0x00000000ee300000,0x00000000ee300000,0x00000000eed80000)
 ParOldGen       total 57344K, used 14413K [0x00000000c0000000, 0x00000000c3800000, 0x00000000eab00000)
  object space 57344K, 25% used [0x00000000c0000000,0x00000000c0e137e8,0x00000000c3800000)
 Metaspace       used 38300K, capacity 39072K, committed 39256K, reserved 1083392K
  class space    used 5165K, capacity 5437K, committed 5504K, reserved 1048576K
Event: 85.335 GC heap after
Heap after GC invocations=14 (full 2):
 PSYoungGen      total 56320K, used 3458K [0x00000000eab00000, 0x00000000eed00000, 0x0000000100000000)
  eden space 46080K, 0% used [0x00000000eab00000,0x00000000eab00000,0x00000000ed800000)
  from space 10240K, 33% used [0x00000000ee300000,0x00000000ee6609e0,0x00000000eed00000)
  to   space 10752K, 0% used [0x00000000ed800000,0x00000000ed800000,0x00000000ee280000)
 ParOldGen       total 57344K, used 15565K [0x00000000c0000000, 0x00000000c3800000, 0x00000000eab00000)
  object space 57344K, 27% used [0x00000000c0000000,0x00000000c0f337e8,0x00000000c3800000)
 Metaspace       used 38300K, capacity 39072K, committed 39256K, reserved 1083392K
  class space    used 5165K, capacity 5437K, committed 5504K, reserved 1048576K
}
Event: 101.805 GC heap before
{Heap before GC invocations=15 (full 2):
 PSYoungGen      total 56320K, used 49538K [0x00000000eab00000, 0x00000000eed00000, 0x0000000100000000)
  eden space 46080K, 100% used [0x00000000eab00000,0x00000000ed800000,0x00000000ed800000)
  from space 10240K, 33% used [0x00000000ee300000,0x00000000ee6609e0,0x00000000eed00000)
  to   space 10752K, 0% used [0x00000000ed800000,0x00000000ed800000,0x00000000ee280000)
 ParOldGen       total 57344K, used 15565K [0x00000000c0000000, 0x00000000c3800000, 0x00000000eab00000)
  object space 57344K, 27% used [0x00000000c0000000,0x00000000c0f337e8,0x00000000c3800000)
 Metaspace       used 42921K, capacity 43816K, committed 43992K, reserved 1087488K
  class space    used 5861K, capacity 6120K, committed 6144K, reserved 1048576K
Event: 101.820 GC heap after
Heap after GC invocations=15 (full 2):
 PSYoungGen      total 51200K, used 6112K [0x00000000eab00000, 0x00000000eeb00000, 0x0000000100000000)
  eden space 45056K, 0% used [0x00000000eab00000,0x00000000eab00000,0x00000000ed700000)
  from space 6144K, 99% used [0x00000000ed800000,0x00000000eddf83b0,0x00000000ede00000)
  to   space 10240K, 0% used [0x00000000ee100000,0x00000000ee100000,0x00000000eeb00000)
 ParOldGen       total 57344K, used 17258K [0x00000000c0000000, 0x00000000c3800000, 0x00000000eab00000)
  object space 57344K, 30% used [0x00000000c0000000,0x00000000c10dab80,0x00000000c3800000)
 Metaspace       used 42921K, capacity 43816K, committed 43992K, reserved 1087488K
  class space    used 5861K, capacity 6120K, committed 6144K, reserved 1048576K
}
Event: 124.305 GC heap before
{Heap before GC invocations=16 (full 2):
 PSYoungGen      total 51200K, used 51168K [0x00000000eab00000, 0x00000000eeb00000, 0x0000000100000000)
  eden space 45056K, 100% used [0x00000000eab00000,0x00000000ed700000,0x00000000ed700000)
  from space 6144K, 99% used [0x00000000ed800000,0x00000000eddf83b0,0x00000000ede00000)
  to   space 10240K, 0% used [0x00000000ee100000,0x00000000ee100000,0x00000000eeb00000)
 ParOldGen       total 57344K, used 17258K [0x00000000c0000000, 0x00000000c3800000, 0x00000000eab00000)
  object space 57344K, 30% used [0x00000000c0000000,0x00000000c10dab80,0x00000000c3800000)
 Metaspace       used 43801K, capacity 44772K, committed 44888K, reserved 1087488K
  class space    used 5950K, capacity 6234K, committed 6272K, reserved 1048576K
Event: 124.327 GC heap after
Heap after GC invocations=16 (full 2):
 PSYoungGen      total 53248K, used 2226K [0x00000000eab00000, 0x00000000eea00000, 0x0000000100000000)
  eden space 44032K, 0% used [0x00000000eab00000,0x00000000eab00000,0x00000000ed600000)
  from space 9216K, 24% used [0x00000000ee100000,0x00000000ee32ca70,0x00000000eea00000)
  to   space 10240K, 0% used [0x00000000ed600000,0x00000000ed600000,0x00000000ee000000)
 ParOldGen       total 57344K, used 21998K [0x00000000c0000000, 0x00000000c3800000, 0x00000000eab00000)
  object space 57344K, 38% used [0x00000000c0000000,0x00000000c157b828,0x00000000c3800000)
 Metaspace       used 43801K, capacity 44772K, committed 44888K, reserved 1087488K
  class space    used 5950K, capacity 6234K, committed 6272K, reserved 1048576K
}

